<?xml version="1.0" encoding="UTF-8"?>
<testng-results skipped="0" failed="0" ignored="0" total="1" passed="1">
  <reporter-output>
  </reporter-output>
  <suite name="Default suite" duration-ms="366" started-at="2009-12-31T19:42:26Z" finished-at="2009-12-31T19:42:26Z">
    <groups>
    </groups>
    <test name="Default test" duration-ms="366" started-at="2009-12-31T19:42:26Z" finished-at="2009-12-31T19:42:26Z">
      <class name="com.test.Hi">
        <test-method status="PASS" signature="f()[pri:0, instance:com.test.Hi@14899482]" name="f" duration-ms="82" started-at="2010-01-01T01:12:26Z" finished-at="2010-01-01T01:12:26Z">
          <reporter-output>
          </reporter-output>
        </test-method> <!-- f -->
      </class> <!-- com.test.Hi -->
    </test> <!-- Default test -->
  </suite> <!-- Default suite -->
</testng-results>
